2023-05-04 07:54:00 ERROR: zcrmsdk\crm\exception\ZCRMException Caused by:'One of the expected parameter is missing' in /home/amdad/code/wordpress/wp-content/plugins/w3s-cf7-zoho/includes/zoho-conn/vendor/zohocrm/php-sdk-archive/src/crm/api/response/BulkAPIResponse.php(72)
Trace::#0 /home/amdad/code/wordpress/wp-content/plugins/w3s-cf7-zoho/includes/zoho-conn/vendor/zohocrm/php-sdk-archive/src/crm/api/response/CommonAPIResponse.php(76): zcrmsdk\crm\api\response\BulkAPIResponse->handleForFaultyResponses()
#1 /home/amdad/code/wordpress/wp-content/plugins/w3s-cf7-zoho/includes/zoho-conn/vendor/zohocrm/php-sdk-archive/src/crm/api/response/CommonAPIResponse.php(67): zcrmsdk\crm\api\response\CommonAPIResponse->processResponse()
#2 /home/amdad/code/wordpress/wp-content/plugins/w3s-cf7-zoho/includes/zoho-conn/vendor/zohocrm/php-sdk-archive/src/crm/api/response/BulkAPIResponse.php(47): zcrmsdk\crm\api\response\CommonAPIResponse->__construct()
#3 /home/amdad/code/wordpress/wp-content/plugins/w3s-cf7-zoho/includes/zoho-conn/vendor/zohocrm/php-sdk-archive/src/crm/api/APIRequest.php(148): zcrmsdk\crm\api\response\BulkAPIResponse->__construct()
#4 /home/amdad/code/wordpress/wp-content/plugins/w3s-cf7-zoho/includes/zoho-conn/vendor/zohocrm/php-sdk-archive/src/crm/api/handler/ModuleAPIHandler.php(77): zcrmsdk\crm\api\APIRequest->getBulkAPIResponse()
#5 /home/amdad/code/wordpress/wp-content/plugins/w3s-cf7-zoho/includes/zoho-conn/vendor/zohocrm/php-sdk-archive/src/crm/crud/ZCRMModule.php(954): zcrmsdk\crm\api\handler\ModuleAPIHandler->getAllFields()
#6 /home/amdad/code/wordpress/wp-content/plugins/w3s-cf7-zoho/includes/class-w3s-cf7-zoho-conn.php(177): zcrmsdk\crm\crud\ZCRMModule->getAllFields()
#7 /home/amdad/code/wordpress/wp-content/plugins/w3s-cf7-zoho/admin/class-w3s-cf7-zoho-admin.php(213): W3s_Cf7_Zoho_Conn->getZohoFields()
#8 /home/amdad/code/wordpress/wp-includes/class-wp-hook.php(308): W3s_Cf7_Zoho_Admin->w3s_cf7_post_action_for_metabox()
#9 /home/amdad/code/wordpress/wp-includes/class-wp-hook.php(332): WP_Hook->apply_filters()
#10 /home/amdad/code/wordpress/wp-includes/plugin.php(517): WP_Hook->do_action()
#11 /home/amdad/code/wordpress/wp-content/plugins/w3s-cf7-zoho/includes/cmb2-framework/bootstrap.php(26): do_action()
#12 /home/amdad/code/wordpress/wp-content/plugins/w3s-cf7-zoho/includes/cmb2-framework/init.php(165): cmb2_bootstrap()
#13 /home/amdad/code/wordpress/wp-includes/class-wp-hook.php(308): CMB2_Bootstrap_260_Develop->include_cmb()
#14 /home/amdad/code/wordpress/wp-includes/class-wp-hook.php(332): WP_Hook->apply_filters()
#15 /home/amdad/code/wordpress/wp-includes/plugin.php(517): WP_Hook->do_action()
#16 /home/amdad/code/wordpress/wp-settings.php(623): do_action()
#17 /home/amdad/code/wordpress/wp-config.php(102): require_once('...')
#18 /home/amdad/code/wordpress/wp-load.php(50): require_once('...')
#19 /home/amdad/code/wordpress/wp-admin/admin.php(34): require_once('...')
#20 /home/amdad/code/wordpress/wp-admin/post.php(12): require_once('...')
#21 /home/amdad/.config/composer/vendor/cpriego/valet-linux/server.php(232): require('...')
#22 {main}
